  alg_comparator.cpp
  alg_crossover.cpp
  alg_environmental_selection.cpp
  alg_individual.cpp
H:\Code\Method1\D-NSGA3-Greedy\method1_d-nsga3-greedy\src\alg_individual.cpp(26,20): warning C4018:  “<”: 有符号/无符号不匹配
H:\Code\Method1\D-NSGA3-Greedy\method1_d-nsga3-greedy\src\alg_individual.cpp(31,20): warning C4018:  “<”: 有符号/无符号不匹配
  alg_initialization.cpp
H:\Code\Method1\D-NSGA3-Greedy\method1_d-nsga3-greedy\src\alg_individual.cpp(40,20): warning C4018:  “<”: 有符号/无符号不匹配
  alg_mutation.cpp
H:\Code\Method1\D-NSGA3-Greedy\method1_d-nsga3-greedy\src\alg_initialization.cpp(17,20): warning C4018:  “<”: 有符号/无符号不匹配
  alg_nondominated_sort.cpp
  alg_nsgaiii.cpp
H:\Code\Method1\D-NSGA3-Greedy\method1_d-nsga3-greedy\src\alg_mutation.cpp(21,23): warning C4018:  “<”: 有符号/无符号不匹配
H:\Code\Method1\D-NSGA3-Greedy\method1_d-nsga3-greedy\src\alg_nsgaiii.cpp(63,20): warning C4018:  “<”: 有符号/无符号不匹配
H:\Code\Method1\D-NSGA3-Greedy\method1_d-nsga3-greedy\src\alg_nsgaiii.cpp(145,23): warning C4018:  “<”: 有符号/无符号不匹配
  alg_reference_point.cpp
  aux_math.cpp
  aux_misc.cpp
  exp_experiment.cpp
  exp_indicator.cpp
  gnuplot_interface.cpp
  log.cpp
  main.cpp
  problem_DTLZ.cpp
  problem_ZDT.cpp
  problem_factory.cpp
  problem_self.cpp
H:\Code\Method1\D-NSGA3-Greedy\method1_d-nsga3-greedy\src\alg_nsgaiii.cpp(171,21): warning C4018:  “<”: 有符号/无符号不匹配
  正在生成代码...
H:\Code\Method1\D-NSGA3-Greedy\method1_d-nsga3-greedy\src\problem_self.cpp(85,76): warning C4244:  “参数”: 从“double”转换到“float”，可能丢失数据
  method1_d-nsga3-greedy.vcxproj -> H:\Code\Method1\D-NSGA3-Greedy\method1_d-nsga3-greedy\Debug\method1_d-nsga3-greedy.exe
